#
# There is insufficient memory for the Java Runtime Environment to continue.
# Native memory allocation (malloc) failed to allocate 43584 bytes for Chunk::new
# Possible reasons:
#   The system is out of physical RAM or swap space
#   The process is running with CompressedOops enabled, and the Java Heap may be blocking the growth of the native heap
# Possible solutions:
#   Reduce memory load on the system
#   Increase physical memory or swap space
#   Check if swap backing store is full
#   Decrease Java heap size (-Xmx/-Xms)
#   Decrease number of Java threads
#   Decrease Java thread stack sizes (-Xss)
#   Set larger code cache with -XX:ReservedCodeCacheSize=
#   JVM is running with Zero Based Compressed Oops mode in which the Java heap is
#     placed in the first 32GB address space. The Java Heap base address is the
#     maximum limit for the native heap growth. Please use -XX:HeapBaseMinAddress
#     to set the Java Heap base and to place the Java Heap above 32GB virtual address.
# This output file may be truncated or incomplete.
#
#  Out of Memory Error (./src/hotspot/share/memory/arena.cpp:197), pid=24620, tid=7984
#
# JRE version: OpenJDK Runtime Environment AdoptOpenJDK (11.0.8+10) (build 11.0.8+10)
# Java VM: OpenJDK 64-Bit Server VM AdoptOpenJDK (11.0.8+10, mixed mode, tiered, compressed oops, g1 gc, windows-amd64)
# No core dump will be written. Minidumps are not enabled by default on client versions of Windows
#

---------------  S U M M A R Y ------------

Command Line: -Dfile.encoding=UTF-8 Frame.TestSwing

Host: Intel(R) Core(TM) i5-7500 CPU @ 3.40GHz, 4 cores, 15G,  Windows 10 , 64 bit Build 16299 (10.0.16299.15)
Time: Wed Aug 19 20:15:43 2020 ¢¥eCN©öI¡¾©ö C¡ÍA¨ª¨öA elapsed time: 0 seconds (0d 0h 0m 0s)

---------------  T H R E A D  ---------------

Current thread (0x000001eb653aa800):  JavaThread "main" [_thread_in_vm, id=7984, stack(0x0000002bca300000,0x0000002bca400000)]

Stack: [0x0000002bca300000,0x0000002bca400000]
Native frames: (J=compiled Java code, j=interpreted, Vv=VM code, C=native code)
V  [jvm.dll+0x5dfa5a]
V  [jvm.dll+0x7175ce]
V  [jvm.dll+0x718c9f]
V  [jvm.dll+0x719363]
V  [jvm.dll+0x240e48]
V  [jvm.dll+0xb96ac]
V  [jvm.dll+0xb9dac]
V  [jvm.dll+0x1c965d]
V  [jvm.dll+0x1c86e3]
V  [jvm.dll+0x6b16de]
V  [jvm.dll+0x6b2ab1]
V  [jvm.dll+0x6b2ce3]
V  [jvm.dll+0x23a39e]
V  [jvm.dll+0x23a5e2]
V  [jvm.dll+0x4e0313]
V  [jvm.dll+0x4e2524]
V  [jvm.dll+0x36338e]
V  [jvm.dll+0x362f74]
C  0x000001eb6da2beca

Java frames: (J=compiled Java code, j=interpreted, Vv=VM code)
j  javax.swing.UIManager.getLAFState()Ljavax/swing/UIManager$LAFState;+0 java.desktop@11.0.8
j  javax.swing.UIManager.maybeInitialize()V+6 java.desktop@11.0.8
j  javax.swing.UIManager.getUI(Ljavax/swing/JComponent;)Ljavax/swing/plaf/ComponentUI;+0 java.desktop@11.0.8
j  javax.swing.JPanel.updateUI()V+2 java.desktop@11.0.8
j  javax.swing.JPanel.<init>(Ljava/awt/LayoutManager;Z)V+24 java.desktop@11.0.8
j  javax.swing.JPanel.<init>(Z)V+9 java.desktop@11.0.8
j  javax.swing.JPanel.<init>()V+2 java.desktop@11.0.8
j  javax.swing.JRootPane.createGlassPane()Ljava/awt/Component;+4 java.desktop@11.0.8
j  javax.swing.JRootPane.<init>()V+11 java.desktop@11.0.8
j  javax.swing.JFrame.createRootPane()Ljavax/swing/JRootPane;+4 java.desktop@11.0.8
j  javax.swing.JFrame.frameInit()V+16 java.desktop@11.0.8
j  javax.swing.JFrame.<init>(Ljava/lang/String;)V+21 java.desktop@11.0.8
j  Frame.TestSwing.main([Ljava/lang/String;)V+6
v  ~StubRoutines::call_stub

---------------  P R O C E S S  ---------------

Threads class SMR info:
_java_thread_list=0x000001eb7f5a9090, length=14, elements={
0x000001eb653aa800, 0x000001eb7e71f800, 0x000001eb7e728800, 0x000001eb7f03c000,
0x000001eb7f03f000, 0x000001eb7f040000, 0x000001eb7f043000, 0x000001eb7f0a1000,
0x000001eb7f1d0000, 0x000001eb7f1de000, 0x000001eb7f5f8000, 0x000001eb7f571000,
0x000001eb7f572000, 0x000001eb7f33d800
}

Java Threads: ( => current thread )
=>0x000001eb653aa800 JavaThread "main" [_thread_in_vm, id=7984, stack(0x0000002bca300000,0x0000002bca400000)]
  0x000001eb7e71f800 JavaThread "Reference Handler" daemon [_thread_blocked, id=14192, stack(0x0000002bcaa00000,0x0000002bcab00000)]
  0x000001eb7e728800 JavaThread "Finalizer" daemon [_thread_blocked, id=27656, stack(0x0000002bcab00000,0x0000002bcac00000)]
  0x000001eb7f03c000 JavaThread "Signal Dispatcher" daemon [_thread_blocked, id=29444, stack(0x0000002bcad00000,0x0000002bcae00000)]
  0x000001eb7f03f000 JavaThread "Attach Listener" daemon [_thread_blocked, id=28268, stack(0x0000002bcae00000,0x0000002bcaf00000)]
  0x000001eb7f040000 JavaThread "C2 CompilerThread0" daemon [_thread_in_native, id=30284, stack(0x0000002bcaf00000,0x0000002bcb000000)]
  0x000001eb7f043000 JavaThread "C1 CompilerThread0" daemon [_thread_blocked, id=29912, stack(0x0000002bcb000000,0x0000002bcb100000)]
  0x000001eb7f0a1000 JavaThread "Sweeper thread" daemon [_thread_blocked, id=9380, stack(0x0000002bcb100000,0x0000002bcb200000)]
  0x000001eb7f1d0000 JavaThread "Service Thread" daemon [_thread_blocked, id=30348, stack(0x0000002bcb200000,0x0000002bcb300000)]
  0x000001eb7f1de000 JavaThread "Common-Cleaner" daemon [_thread_blocked, id=29368, stack(0x0000002bcb400000,0x0000002bcb500000)]
  0x000001eb7f5f8000 JavaThread "Java2D Disposer" daemon [_thread_blocked, id=30244, stack(0x0000002bcb500000,0x0000002bcb600000)]
  0x000001eb7f571000 JavaThread "AWT-Shutdown" [_thread_blocked, id=28372, stack(0x0000002bcb600000,0x0000002bcb700000)]
  0x000001eb7f572000 JavaThread "AWT-Windows" daemon [_thread_in_native, id=30404, stack(0x0000002bcb700000,0x0000002bcb800000)]
  0x000001eb7f33d800 JavaThread "C2 CompilerThread1" daemon [_thread_blocked, id=28768, stack(0x0000002bcba00000,0x0000002bcbb00000)]

Other Threads:
  0x000001eb7e71b000 VMThread "VM Thread" [stack: 0x0000002bca900000,0x0000002bcaa00000] [id=26172]
  0x000001eb7f1d2800 WatcherThread [stack: 0x0000002bcb300000,0x0000002bcb400000] [id=22520]
  0x000001eb653c4000 GCTaskThread "GC Thread#0" [stack: 0x0000002bca400000,0x0000002bca500000] [id=28624]
  0x000001eb65422800 ConcurrentGCThread "G1 Main Marker" [stack: 0x0000002bca500000,0x0000002bca600000] [id=28908]
  0x000001eb65424000 ConcurrentGCThread "G1 Conc#0" [stack: 0x0000002bca600000,0x0000002bca700000] [id=19136]
  0x000001eb7e5fd800 ConcurrentGCThread "G1 Refine#0" [stack: 0x0000002bca700000,0x0000002bca800000] [id=19972]
  0x000001eb7e5fe800 ConcurrentGCThread "G1 Young RemSet Sampling" [stack: 0x0000002bca800000,0x0000002bca900000] [id=24568]

Threads with active compile tasks:
C2 CompilerThread0    435  499       4       jdk.internal.org.objectweb.asm.Frame::execute (2264 bytes)

VM state:not at safepoint (normal execution)

VM Mutex/Monitor currently owned by a thread: None

Heap address: 0x0000000700800000, size: 4088 MB, Compressed Oops mode: Zero based, Oop shift amount: 3
Narrow klass base: 0x0000000800000000, Narrow klass shift: 0
Compressed class space size: 1073741824 Address: 0x0000000800000000

Heap:
 garbage-first heap   total 262144K, used 4096K [0x0000000700800000, 0x0000000800000000)
  region size 1024K, 5 young (5120K), 0 survivors (0K)
 Metaspace       used 9191K, capacity 9422K, committed 9472K, reserved 1058816K
  class space    used 888K, capacity 1016K, committed 1024K, reserved 1048576K
Heap Regions: E=young(eden), S=young(survivor), O=old, HS=humongous(starts), HC=humongous(continues), CS=collection set, F=free, A=archive, TAMS=top-at-mark-start (previous, next)
|   0|0x0000000700800000, 0x0000000700800000, 0x0000000700900000|  0%| F|  |TAMS 0x0000000700800000, 0x0000000700800000| Untracked 
|   1|0x0000000700900000, 0x0000000700900000, 0x0000000700a00000|  0%| F|  |TAMS 0x0000000700900000, 0x0000000700900000| Untracked 
|   2|0x0000000700a00000, 0x0000000700a00000, 0x0000000700b00000|  0%| F|  |TAMS 0x0000000700a00000, 0x0000000700a00000| Untracked 
|   3|0x0000000700b00000, 0x0000000700b00000, 0x0000000700c00000|  0%| F|  |TAMS 0x0000000700b00000, 0x0000000700b00000| Untracked 
|   4|0x0000000700c00000, 0x0000000700c00000, 0x0000000700d00000|  0%| F|  |TAMS 0x0000000700c00000, 0x0000000700c00000| Untracked 
|   5|0x0000000700d00000, 0x0000000700d00000, 0x0000000700e00000|  0%| F|  |TAMS 0x0000000700d00000, 0x0000000700d00000| Untracked 
|   6|0x0000000700e00000, 0x0000000700e00000, 0x0000000700f00000|  0%| F|  |TAMS 0x0000000700e00000, 0x0000000700e00000| Untracked 
|   7|0x0000000700f00000, 0x0000000700f00000, 0x0000000701000000|  0%| F|  |TAMS 0x0000000700f00000, 0x0000000700f00000| Untracked 
|   8|0x0000000701000000, 0x0000000701000000, 0x0000000701100000|  0%| F|  |TAMS 0x0000000701000000, 0x0000000701000000| Untracked 
|   9|0x0000000701100000, 0x0000000701100000, 0x0000000701200000|  0%| F|  |TAMS 0x0000000701100000, 0x0000000701100000| Untracked 
|  10|0x0000000701200000, 0x0000000701200000, 0x0000000701300000|  0%| F|  |TAMS 0x0000000701200000, 0x0000000701200000| Untracked 
|  11|0x0000000701300000, 0x0000000701300000, 0x0000000701400000|  0%| F|  |TAMS 0x0000000701300000, 0x0000000701300000| Untracked 
|  12|0x0000000701400000, 0x0000000701400000, 0x0000000701500000|  0%| F|  |TAMS 0x0000000701400000, 0x0000000701400000| Untracked 
|  13|0x0000000701500000, 0x0000000701500000, 0x0000000701600000|  0%| F|  |TAMS 0x0000000701500000, 0x0000000701500000| Untracked 
|  14|0x0000000701600000, 0x0000000701600000, 0x0000000701700000|  0%| F|  |TAMS 0x0000000701600000, 0x0000000701600000| Untracked 
|  15|0x0000000701700000, 0x0000000701700000, 0x0000000701800000|  0%| F|  |TAMS 0x0000000701700000, 0x0000000701700000| Untracked 
|  16|0x0000000701800000, 0x0000000701800000, 0x0000000701900000|  0%| F|  |TAMS 0x0000000701800000, 0x0000000701800000| Untracked 
|  17|0x0000000701900000, 0x0000000701900000, 0x0000000701a00000|  0%| F|  |TAMS 0x0000000701900000, 0x0000000701900000| Untracked 
|  18|0x0000000701a00000, 0x0000000701a00000, 0x0000000701b00000|  0%| F|  |TAMS 0x0000000701a00000, 0x0000000701a00000| Untracked 
|  19|0x0000000701b00000, 0x0000000701b00000, 0x0000000701c00000|  0%| F|  |TAMS 0x0000000701b00000, 0x0000000701b00000| Untracked 
|  20|0x0000000701c00000, 0x0000000701c00000, 0x0000000701d00000|  0%| F|  |TAMS 0x0000000701c00000, 0x0000000701c00000| Untracked 
|  21|0x0000000701d00000, 0x0000000701d00000, 0x0000000701e00000|  0%| F|  |TAMS 0x0000000701d00000, 0x0000000701d00000| Untracked 
|  22|0x0000000701e00000, 0x0000000701e00000, 0x0000000701f00000|  0%| F|  |TAMS 0x0000000701e00000, 0x0000000701e00000| Untracked 
|  23|0x0000000701f00000, 0x0000000701f00000, 0x0000000702000000|  0%| F|  |TAMS 0x0000000701f00000, 0x0000000701f00000| Untracked 
|  24|0x0000000702000000, 0x0000000702000000, 0x0000000702100000|  0%| F|  |TAMS 0x0000000702000000, 0x0000000702000000| Untracked 
|  25|0x0000000702100000, 0x0000000702100000, 0x0000000702200000|  0%| F|  |TAMS 0x0000000702100000, 0x0000000702100000| Untracked 
|  26|0x0000000702200000, 0x0000000702200000, 0x0000000702300000|  0%| F|  |TAMS 0x0000000702200000, 0x0000000702200000| Untracked 
|  27|0x0000000702300000, 0x0000000702300000, 0x0000000702400000|  0%| F|  |TAMS 0x0000000702300000, 0x0000000702300000| Untracked 
|  28|0x0000000702400000, 0x0000000702400000, 0x0000000702500000|  0%| F|  |TAMS 0x0000000702400000, 0x0000000702400000| Untracked 
|  29|0x0000000702500000, 0x0000000702500000, 0x0000000702600000|  0%| F|  |TAMS 0x0000000702500000, 0x0000000702500000| Untracked 
|  30|0x0000000702600000, 0x0000000702600000, 0x0000000702700000|  0%| F|  |TAMS 0x0000000702600000, 0x0000000702600000| Untracked 
|  31|0x0000000702700000, 0x0000000702700000, 0x0000000702800000|  0%| F|  |TAMS 0x0000000702700000, 0x0000000702700000| Untracked 
|  32|0x0000000702800000, 0x0000000702800000, 0x0000000702900000|  0%| F|  |TAMS 0x0000000702800000, 0x0000000702800000| Untracked 
|  33|0x0000000702900000, 0x0000000702900000, 0x0000000702a00000|  0%| F|  |TAMS 0x0000000702900000, 0x0000000702900000| Untracked 
|  34|0x0000000702a00000, 0x0000000702a00000, 0x0000000702b00000|  0%| F|  |TAMS 0x0000000702a00000, 0x0000000702a00000| Untracked 
|  35|0x0000000702b00000, 0x0000000702b00000, 0x0000000702c00000|  0%| F|  |TAMS 0x0000000702b00000, 0x0000000702b00000| Untracked 
|  36|0x0000000702c00000, 0x0000000702c00000, 0x0000000702d00000|  0%| F|  |TAMS 0x0000000702c00000, 0x0000000702c00000| Untracked 
|  37|0x0000000702d00000, 0x0000000702d00000, 0x0000000702e00000|  0%| F|  |TAMS 0x0000000702d00000, 0x0000000702d00000| Untracked 
|  38|0x0000000702e00000, 0x0000000702e00000, 0x0000000702f00000|  0%| F|  |TAMS 0x0000000702e00000, 0x0000000702e00000| Untracked 
|  39|0x0000000702f00000, 0x0000000702f00000, 0x0000000703000000|  0%| F|  |TAMS 0x0000000702f00000, 0x0000000702f00000| Untracked 
|  40|0x0000000703000000, 0x0000000703000000, 0x0000000703100000|  0%| F|  |TAMS 0x0000000703000000, 0x0000000703000000| Untracked 
|  41|0x0000000703100000, 0x0000000703100000, 0x0000000703200000|  0%| F|  |TAMS 0x0000000703100000, 0x0000000703100000| Untracked 
|  42|0x0000000703200000, 0x0000000703200000, 0x0000000703300000|  0%| F|  |TAMS 0x0000000703200000, 0x0000000703200000| Untracked 
|  43|0x0000000703300000, 0x0000000703300000, 0x0000000703400000|  0%| F|  |TAMS 0x0000000703300000, 0x0000000703300000| Untracked 
|  44|0x0000000703400000, 0x0000000703400000, 0x0000000703500000|  0%| F|  |TAMS 0x0000000703400000, 0x0000000703400000| Untracked 
|  45|0x0000000703500000, 0x0000000703500000, 0x0000000703600000|  0%| F|  |TAMS 0x0000000703500000, 0x0000000703500000| Untracked 
|  46|0x0000000703600000, 0x0000000703600000, 0x0000000703700000|  0%| F|  |TAMS 0x0000000703600000, 0x0000000703600000| Untracked 
|  47|0x0000000703700000, 0x0000000703700000, 0x0000000703800000|  0%| F|  |TAMS 0x0000000703700000, 0x0000000703700000| Untracked 
|  48|0x0000000703800000, 0x0000000703800000, 0x0000000703900000|  0%| F|  |TAMS 0x0000000703800000, 0x0000000703800000| Untracked 
|  49|0x0000000703900000, 0x0000000703900000, 0x0000000703a00000|  0%| F|  |TAMS 0x0000000703900000, 0x0000000703900000| Untracked 
|  50|0x0000000703a00000, 0x0000000703a00000, 0x0000000703b00000|  0%| F|  |TAMS 0x0000000703a00000, 0x0000000703a00000| Untracked 
|  51|0x0000000703b00000, 0x0000000703b00000, 0x0000000703c00000|  0%| F|  |TAMS 0x0000000703b00000, 0x0000000703b00000| Untracked 
|  52|0x0000000703c00000, 0x0000000703c00000, 0x0000000703d00000|  0%| F|  |TAMS 0x0000000703c00000, 0x0000000703c00000| Untracked 
|  53|0x0000000703d00000, 0x0000000703d00000, 0x0000000703e00000|  0%| F|  |TAMS 0x0000000703d00000, 0x0000000703d00000| Untracked 
|  54|0x0000000703e00000, 0x0000000703e00000, 0x0000000703f00000|  0%| F|  |TAMS 0x0000000703e00000, 0x0000000703e00000| Untracked 
|  55|0x0000000703f00000, 0x0000000703f00000, 0x0000000704000000|  0%| F|  |TAMS 0x0000000703f00000, 0x0000000703f00000| Untracked 
|  56|0x0000000704000000, 0x0000000704000000, 0x0000000704100000|  0%| F|  |TAMS 0x0000000704000000, 0x0000000704000000| Untracked 
|  57|0x0000000704100000, 0x0000000704100000, 0x0000000704200000|  0%| F|  |TAMS 0x0000000704100000, 0x0000000704100000| Untracked 
|  58|0x0000000704200000, 0x0000000704200000, 0x0000000704300000|  0%| F|  |TAMS 0x0000000704200000, 0x0000000704200000| Untracked 
|  59|0x0000000704300000, 0x0000000704300000, 0x0000000704400000|  0%| F|  |TAMS 0x0000000704300000, 0x0000000704300000| Untracked 
|  60|0x0000000704400000, 0x0000000704400000, 0x0000000704500000|  0%| F|  |TAMS 0x0000000704400000, 0x0000000704400000| Untracked 
|  61|0x0000000704500000, 0x0000000704500000, 0x0000000704600000|  0%| F|  |TAMS 0x0000000704500000, 0x0000000704500000| Untracked 
|  62|0x0000000704600000, 0x0000000704600000, 0x0000000704700000|  0%| F|  |TAMS 0x0000000704600000, 0x0000000704600000| Untracked 
|  63|0x0000000704700000, 0x0000000704700000, 0x0000000704800000|  0%| F|  |TAMS 0x0000000704700000, 0x0000000704700000| Untracked 
|  64|0x0000000704800000, 0x0000000704800000, 0x0000000704900000|  0%| F|  |TAMS 0x0000000704800000, 0x0000000704800000| Untracked 
|  65|0x0000000704900000, 0x0000000704900000, 0x0000000704a00000|  0%| F|  |TAMS 0x0000000704900000, 0x0000000704900000| Untracked 
|  66|0x0000000704a00000, 0x0000000704a00000, 0x0000000704b00000|  0%| F|  |TAMS 0x0000000704a00000, 0x0000000704a00000| Untracked 
|  67|0x0000000704b00000, 0x0000000704b00000, 0x0000000704c00000|  0%| F|  |TAMS 0x0000000704b00000, 0x0000000704b00000| Untracked 
|  68|0x0000000704c00000, 0x0000000704c00000, 0x0000000704d00000|  0%| F|  |TAMS 0x0000000704c00000, 0x0000000704c00000| Untracked 
|  69|0x0000000704d00000, 0x0000000704d00000, 0x0000000704e00000|  0%| F|  |TAMS 0x0000000704d00000, 0x0000000704d00000| Untracked 
|  70|0x0000000704e00000, 0x0000000704e00000, 0x0000000704f00000|  0%| F|  |TAMS 0x0000000704e00000, 0x0000000704e00000| Untracked 
|  71|0x0000000704f00000, 0x0000000704f00000, 0x0000000705000000|  0%| F|  |TAMS 0x0000000704f00000, 0x0000000704f00000| Untracked 
|  72|0x0000000705000000, 0x0000000705000000, 0x0000000705100000|  0%| F|  |TAMS 0x0000000705000000, 0x0000000705000000| Untracked 
|  73|0x0000000705100000, 0x0000000705100000, 0x0000000705200000|  0%| F|  |TAMS 0x0000000705100000, 0x0000000705100000| Untracked 
|  74|0x0000000705200000, 0x0000000705200000, 0x0000000705300000|  0%| F|  |TAMS 0x0000000705200000, 0x0000000705200000| Untracked 
|  75|0x0000000705300000, 0x0000000705300000, 0x0000000705400000|  0%| F|  |TAMS 0x0000000705300000, 0x0000000705300000| Untracked 
|  76|0x0000000705400000, 0x0000000705400000, 0x0000000705500000|  0%| F|  |TAMS 0x0000000705400000, 0x0000000705400000| Untracked 
|  77|0x0000000705500000, 0x0000000705500000, 0x0000000705600000|  0%| F|  |TAMS 0x0000000705500000, 0x0000000705500000| Untracked 
|  78|0x0000000705600000, 0x0000000705600000, 0x0000000705700000|  0%| F|  |TAMS 0x0000000705600000, 0x0000000705600000| Untracked 
|  79|0x0000000705700000, 0x0000000705700000, 0x0000000705800000|  0%| F|  |TAMS 0x0000000705700000, 0x0000000705700000| Untracked 
|  80|0x0000000705800000, 0x0000000705800000, 0x0000000705900000|  0%| F|  |TAMS 0x0000000705800000, 0x0000000705800000| Untracked 
|  81|0x0000000705900000, 0x0000000705900000, 0x0000000705a00000|  0%| F|  |TAMS 0x0000000705900000, 0x0000000705900000| Untracked 
|  82|0x0000000705a00000, 0x0000000705a00000, 0x0000000705b00000|  0%| F|  |TAMS 0x0000000705a00000, 0x0000000705a00000| Untracked 
|  83|0x0000000705b00000, 0x0000000705b00000, 0x0000000705c00000|  0%| F|  |TAMS 0x0000000705b00000, 0x0000000705b00000| Untracked 
|  84|0x0000000705c00000, 0x0000000705c00000, 0x0000000705d00000|  0%| F|  |TAMS 0x0000000705c00000, 0x0000000705c00000| Untracked 
|  85|0x0000000705d00000, 0x0000000705d00000, 0x0000000705e00000|  0%| F|  |TAMS 0x0000000705d00000, 0x0000000705d00000| Untracked 
|  86|0x0000000705e00000, 0x0000000705e00000, 0x0000000705f00000|  0%| F|  |TAMS 0x0000000705e00000, 0x0000000705e00000| Untracked 
|  87|0x0000000705f00000, 0x0000000705f00000, 0x0000000706000000|  0%| F|  |TAMS 0x0000000705f00000, 0x0000000705f00000| Untracked 
|  88|0x0000000706000000, 0x0000000706000000, 0x0000000706100000|  0%| F|  |TAMS 0x0000000706000000, 0x0000000706000000| Untracked 
|  89|0x0000000706100000, 0x0000000706100000, 0x0000000706200000|  0%| F|  |TAMS 0x0000000706100000, 0x0000000706100000| Untracked 
|  90|0x0000000706200000, 0x0000000706200000, 0x0000000706300000|  0%| F|  |TAMS 0x0000000706200000, 0x0000000706200000| Untracked 
|  91|0x0000000706300000, 0x0000000706300000, 0x0000000706400000|  0%| F|  |TAMS 0x0000000706300000, 0x0000000706300000| Untracked 
|  92|0x0000000706400000, 0x0000000706400000, 0x0000000706500000|  0%| F|  |TAMS 0x0000000706400000, 0x0000000706400000| Untracked 
|  93|0x0000000706500000, 0x0000000706500000, 0x0000000706600000|  0%| F|  |TAMS 0x0000000706500000, 0x0000000706500000| Untracked 
|  94|0x0000000706600000, 0x0000000706600000, 0x0000000706700000|  0%| F|  |TAMS 0x0000000706600000, 0x0000000706600000| Untracked 
|  95|0x0000000706700000, 0x0000000706700000, 0x0000000706800000|  0%| F|  |TAMS 0x0000000706700000, 0x0000000706700000| Untracked 
|  96|0x0000000706800000, 0x0000000706800000, 0x0000000706900000|  0%| F|  |TAMS 0x0000000706800000, 0x0000000706800000| Untracked 
|  97|0x0000000706900000, 0x0000000706900000, 0x0000000706a00000|  0%| F|  |TAMS 0x0000000706900000, 0x0000000706900000| Untracked 
|  98|0x0000000706a00000, 0x0000000706a00000, 0x0000000706b00000|  0%| F|  |TAMS 0x0000000706a00000, 0x0000000706a00000| Untracked 
|  99|0x0000000706b00000, 0x0000000706b00000, 0x0000000706c00000|  0%| F|  |TAMS 0x0000000706b00000, 0x0000000706b00000| Untracked 
| 100|0x0000000706c00000, 0x0000000706c00000, 0x0000000706d00000|  0%| F|  |TAMS 0x0000000706c00000, 0x0000000706c00000| Untracked 
| 101|0x0000000706d00000, 0x0000000706d00000, 0x0000000706e00000|  0%| F|  |TAMS 0x0000000706d00000, 0x0000000706d00000| Untracked 
| 102|0x0000000706e00000, 0x0000000706e00000, 0x0000000706f00000|  0%| F|  |TAMS 0x0000000706e00000, 0x0000000706e00000| Untracked 
| 103|0x0000000706f00000, 0x0000000706f00000, 0x0000000707000000|  0%| F|  |TAMS 0x0000000706f00000, 0x0000000706f00000| Untracked 
| 104|0x0000000707000000, 0x0000000707000000, 0x0000000707100000|  0%| F|  |TAMS 0x0000000707000000, 0x0000000707000000| Untracked 
| 105|0x0000000707100000, 0x0000000707100000, 0x0000000707200000|  0%| F|  |TAMS 0x0000000707100000, 0x0000000707100000| Untracked 
| 106|0x0000000707200000, 0x0000000707200000, 0x0000000707300000|  0%| F|  |TAMS 0x0000000707200000, 0x0000000707200000| Untracked 
| 107|0x0000000707300000, 0x0000000707300000, 0x0000000707400000|  0%| F|  |TAMS 0x0000000707300000, 0x0000000707300000| Untracked 
| 108|0x0000000707400000, 0x0000000707400000, 0x0000000707500000|  0%| F|  |TAMS 0x0000000707400000, 0x0000000707400000| Untracked 
| 109|0x0000000707500000, 0x0000000707500000, 0x0000000707600000|  0%| F|  |TAMS 0x0000000707500000, 0x0000000707500000| Untracked 
| 110|0x0000000707600000, 0x0000000707600000, 0x0000000707700000|  0%| F|  |TAMS 0x0000000707600000, 0x0000000707600000| Untracked 
| 111|0x0000000707700000, 0x0000000707700000, 0x0000000707800000|  0%| F|  |TAMS 0x0000000707700000, 0x0000000707700000| Untracked 
| 112|0x0000000707800000, 0x0000000707800000, 0x0000000707900000|  0%| F|  |TAMS 0x0000000707800000, 0x0000000707800000| Untracked 
| 113|0x0000000707900000, 0x0000000707900000, 0x0000000707a00000|  0%| F|  |TAMS 0x0000000707900000, 0x0000000707900000| Untracked 
| 114|0x0000000707a00000, 0x0000000707a00000, 0x0000000707b00000|  0%| F|  |TAMS 0x0000000707a00000, 0x0000000707a00000| Untracked 
| 115|0x0000000707b00000, 0x0000000707b00000, 0x0000000707c00000|  0%| F|  |TAMS 0x0000000707b00000, 0x0000000707b00000| Untracked 
| 116|0x0000000707c00000, 0x0000000707c00000, 0x0000000707d00000|  0%| F|  |TAMS 0x0000000707c00000, 0x0000000707c00000| Untracked 
| 117|0x0000000707d00000, 0x0000000707d00000, 0x0000000707e00000|  0%| F|  |TAMS 0x0000000707d00000, 0x0000000707d00000| Untracked 
| 118|0x0000000707e00000, 0x0000000707e00000, 0x0000000707f00000|  0%| F|  |TAMS 0x0000000707e00000, 0x0000000707e00000| Untracked 
| 119|0x0000000707f00000, 0x0000000707f00000, 0x0000000708000000|  0%| F|  |TAMS 0x0000000707f00000, 0x0000000707f00000| Untracked 
| 120|0x0000000708000000, 0x0000000708000000, 0x0000000708100000|  0%| F|  |TAMS 0x0000000708000000, 0x0000000708000000| Untracked 
| 121|0x0000000708100000, 0x0000000708100000, 0x0000000708200000|  0%| F|  |TAMS 0x0000000708100000, 0x0000000708100000| Untracked 
| 122|0x0000000708200000, 0x0000000708200000, 0x0000000708300000|  0%| F|  |TAMS 0x0000000708200000, 0x0000000708200000| Untracked 
| 123|0x0000000708300000, 0x0000000708300000, 0x0000000708400000|  0%| F|  |TAMS 0x0000000708300000, 0x0000000708300000| Untracked 
| 124|0x0000000708400000, 0x0000000708400000, 0x0000000708500000|  0%| F|  |TAMS 0x0000000708400000, 0x0000000708400000| Untracked 
| 125|0x0000000708500000, 0x0000000708500000, 0x0000000708600000|  0%| F|  |TAMS 0x0000000708500000, 0x0000000708500000| Untracked 
| 126|0x0000000708600000, 0x0000000708600000, 0x0000000708700000|  0%| F|  |TAMS 0x0000000708600000, 0x0000000708600000| Untracked 
| 127|0x0000000708700000, 0x0000000708700000, 0x0000000708800000|  0%| F|  |TAMS 0x0000000708700000, 0x0000000708700000| Untracked 
| 128|0x0000000708800000, 0x0000000708800000, 0x0000000708900000|  0%| F|  |TAMS 0x0000000708800000, 0x0000000708800000| Untracked 
| 129|0x0000000708900000, 0x0000000708900000, 0x0000000708a00000|  0%| F|  |TAMS 0x0000000708900000, 0x0000000708900000| Untracked 
| 130|0x0000000708a00000, 0x0000000708a00000, 0x0000000708b00000|  0%| F|  |TAMS 0x0000000708a00000, 0x0000000708a00000| Untracked 
| 131|0x0000000708b00000, 0x0000000708b00000, 0x0000000708c00000|  0%| F|  |TAMS 0x0000000708b00000, 0x0000000708b00000| Untracked 
| 132|0x0000000708c00000, 0x0000000708c00000, 0x0000000708d00000|  0%| F|  |TAMS 0x0000000708c00000, 0x0000000708c00000| Untracked 
| 133|0x0000000708d00000, 0x0000000708d00000, 0x0000000708e00000|  0%| F|  |TAMS 0x0000000708d00000, 0x0000000708d00000| Untracked 
| 134|0x0000000708e00000, 0x0000000708e00000, 0x0000000708f00000|  0%| F|  |TAMS 0x0000000708e00000, 0x0000000708e00000| Untracked 
| 135|0x0000000708f00000, 0x0000000708f00000, 0x0000000709000000|  0%| F|  |TAMS 0x0000000708f00000, 0x0000000708f00000| Untracked 
| 136|0x0000000709000000, 0x0000000709000000, 0x0000000709100000|  0%| F|  |TAMS 0x0000000709000000, 0x0000000709000000| Untracked 
| 137|0x0000000709100000, 0x0000000709100000, 0x0000000709200000|  0%| F|  |TAMS 0x0000000709100000, 0x0000000709100000| Untracked 
| 138|0x0000000709200000, 0x0000000709200000, 0x0000000709300000|  0%| F|  |TAMS 0x0000000709200000, 0x0000000709200000| Untracked 
| 139|0x0000000709300000, 0x0000000709300000, 0x0000000709400000|  0%| F|  |TAMS 0x0000000709300000, 0x0000000709300000| Untracked 
| 140|0x0000000709400000, 0x0000000709400000, 0x0000000709500000|  0%| F|  |TAMS 0x0000000709400000, 0x0000000709400000| Untracked 
| 141|0x0000000709500000, 0x0000000709500000, 0x0000000709600000|  0%| F|  |TAMS 0x0000000709500000, 0x0000000709500000| Untracked 
| 142|0x0000000709600000, 0x0000000709600000, 0x0000000709700000|  0%| F|  |TAMS 0x0000000709600000, 0x0000000709600000| Untracked 
| 143|0x0000000709700000, 0x0000000709700000, 0x0000000709800000|  0%| F|  |TAMS 0x0000000709700000, 0x0000000709700000| Untracked 
| 144|0x0000000709800000, 0x0000000709800000, 0x0000000709900000|  0%| F|  |TAMS 0x0000000709800000, 0x0000000709800000| Untracked 
| 145|0x0000000709900000, 0x0000000709900000, 0x0000000709a00000|  0%| F|  |TAMS 0x0000000709900000, 0x0000000709900000| Untracked 
| 146|0x0000000709a00000, 0x0000000709a00000, 0x0000000709b00000|  0%| F|  |TAMS 0x0000000709a00000, 0x0000000709a00000| Untracked 
| 147|0x0000000709b00000, 0x0000000709b00000, 0x0000000709c00000|  0%| F|  |TAMS 0x0000000709b00000, 0x0000000709b00000| Untracked 
| 148|0x0000000709c00000, 0x0000000709c00000, 0x0000000709d00000|  0%| F|  |TAMS 0x0000000709c00000, 0x0000000709c00000| Untracked 
| 149|0x0000000709d00000, 0x0000000709d00000, 0x0000000709e00000|  0%| F|  |TAMS 0x0000000709d00000, 0x0000000709d00000| Untracked 
| 150|0x0000000709e00000, 0x0000000709e00000, 0x0000000709f00000|  0%| F|  |TAMS 0x0000000709e00000, 0x0000000709e00000| Untracked 
| 151|0x0000000709f00000, 0x0000000709f00000, 0x000000070a000000|  0%| F|  |TAMS 0x0000000709f00000, 0x0000000709f00000| Untracked 
| 152|0x000000070a000000, 0x000000070a000000, 0x000000070a100000|  0%| F|  |TAMS 0x000000070a000000, 0x000000070a000000| Untracked 
| 153|0x000000070a100000, 0x000000070a100000, 0x000000070a200000|  0%| F|  |TAMS 0x000000070a100000, 0x000000070a100000| Untracked 
| 154|0x000000070a200000, 0x000000070a200000, 0x000000070a300000|  0%| F|  |TAMS 0x000000070a200000, 0x000000070a200000| Untracked 
| 155|0x000000070a300000, 0x000000070a300000, 0x000000070a400000|  0%| F|  |TAMS 0x000000070a300000, 0x000000070a300000| Untracked 
| 156|0x000000070a400000, 0x000000070a400000, 0x000000070a500000|  0%| F|  |TAMS 0x000000070a400000, 0x000000070a400000| Untracked 
| 157|0x000000070a500000, 0x000000070a500000, 0x000000070a600000|  0%| F|  |TAMS 0x000000070a500000, 0x000000070a500000| Untracked 
| 158|0x000000070a600000, 0x000000070a600000, 0x000000070a700000|  0%| F|  |TAMS 0x000000070a600000, 0x000000070a600000| Untracked 
| 159|0x000000070a700000, 0x000000070a700000, 0x000000070a800000|  0%| F|  |TAMS 0x000000070a700000, 0x000000070a700000| Untracked 
| 160|0x000000070a800000, 0x000000070a800000, 0x000000070a900000|  0%| F|  |TAMS 0x000000070a800000, 0x000000070a800000| Untracked 
| 161|0x000000070a900000, 0x000000070a900000, 0x000000070aa00000|  0%| F|  |TAMS 0x000000070a900000, 0x000000070a900000| Untracked 
| 162|0x000000070aa00000, 0x000000070aa00000, 0x000000070ab00000|  0%| F|  |TAMS 0x000000070aa00000, 0x000000070aa00000| Untracked 
| 163|0x000000070ab00000, 0x000000070ab00000, 0x000000070ac00000|  0%| F|  |TAMS 0x000000070ab00000, 0x000000070ab00000| Untracked 
| 164|0x000000070ac00000, 0x000000070ac00000, 0x000000070ad00000|  0%| F|  |TAMS 0x000000070ac00000, 0x000000070ac00000| Untracked 
| 165|0x000000070ad00000, 0x000000070ad00000, 0x000000070ae00000|  0%| F|  |TAMS 0x000000070ad00000, 0x000000070ad00000| Untracked 
| 166|0x000000070ae00000, 0x000000070ae00000, 0x000000070af00000|  0%| F|  |TAMS 0x000000070ae00000, 0x000000070ae00000| Untracked 
| 167|0x000000070af00000, 0x000000070af00000, 0x000000070b000000|  0%| F|  |TAMS 0x000000070af00000, 0x000000070af00000| Untracked 
| 168|0x000000070b000000, 0x000000070b000000, 0x000000070b100000|  0%| F|  |TAMS 0x000000070b000000, 0x000000070b000000| Untracked 
| 169|0x000000070b100000, 0x000000070b100000, 0x000000070b200000|  0%| F|  |TAMS 0x000000070b100000, 0x000000070b100000| Untracked 
| 170|0x000000070b200000, 0x000000070b200000, 0x000000070b300000|  0%| F|  |TAMS 0x000000070b200000, 0x000000070b200000| Untracked 
| 171|0x000000070b300000, 0x000000070b300000, 0x000000070b400000|  0%| F|  |TAMS 0x000000070b300000, 0x000000070b300000| Untracked 
| 172|0x000000070b400000, 0x000000070b400000, 0x000000070b500000|  0%| F|  |TAMS 0x000000070b400000, 0x000000070b400000| Untracked 
| 173|0x000000070b500000, 0x000000070b500000, 0x000000070b600000|  0%| F|  |TAMS 0x000000070b500000, 0x000000070b500000| Untracked 
| 174|0x000000070b600000, 0x000000070b600000, 0x000000070b700000|  0%| F|  |TAMS 0x000000070b600000, 0x000000070b600000| Untracked 
| 175|0x000000070b700000, 0x000000070b700000, 0x000000070b800000|  0%| F|  |TAMS 0x000000070b700000, 0x000000070b700000| Untracked 
| 176|0x000000070b800000, 0x000000070b800000, 0x000000070b900000|  0%| F|  |TAMS 0x000000070b800000, 0x000000070b800000| Untracked 
| 177|0x000000070b900000, 0x000000070b900000, 0x000000070ba00000|  0%| F|  |TAMS 0x000000070b900000, 0x000000070b900000| Untracked 
| 178|0x000000070ba00000, 0x000000070ba00000, 0x000000070bb00000|  0%| F|  |TAMS 0x000000070ba00000, 0x000000070ba00000| Untracked 
| 179|0x000000070bb00000, 0x000000070bb00000, 0x000000070bc00000|  0%| F|  |TAMS 0x000000070bb00000, 0x000000070bb00000| Untracked 
| 180|0x000000070bc00000, 0x000000070bc00000, 0x000000070bd00000|  0%| F|  |TAMS 0x000000070bc00000, 0x000000070bc00000| Untracked 
| 181|0x000000070bd00000, 0x000000070bd00000, 0x000000070be00000|  0%| F|  |TAMS 0x000000070bd00000, 0x000000070bd00000| Untracked 
| 182|0x000000070be00000, 0x000000070be00000, 0x000000070bf00000|  0%| F|  |TAMS 0x000000070be00000, 0x000000070be00000| Untracked 
| 183|0x000000070bf00000, 0x000000070bf00000, 0x000000070c000000|  0%| F|  |TAMS 0x000000070bf00000, 0x000000070bf00000| Untracked 
| 184|0x000000070c000000, 0x000000070c000000, 0x000000070c100000|  0%| F|  |TAMS 0x000000070c000000, 0x000000070c000000| Untracked 
| 185|0x000000070c100000, 0x000000070c100000, 0x000000070c200000|  0%| F|  |TAMS 0x000000070c100000, 0x000000070c100000| Untracked 
| 186|0x000000070c200000, 0x000000070c200000, 0x000000070c300000|  0%| F|  |TAMS 0x000000070c200000, 0x000000070c200000| Untracked 
| 187|0x000000070c300000, 0x000000070c300000, 0x000000070c400000|  0%| F|  |TAMS 0x000000070c300000, 0x000000070c300000| Untracked 
| 188|0x000000070c400000, 0x000000070c400000, 0x000000070c500000|  0%| F|  |TAMS 0x000000070c400000, 0x000000070c400000| Untracked 
| 189|0x000000070c500000, 0x000000070c500000, 0x000000070c600000|  0%| F|  |TAMS 0x000000070c500000, 0x000000070c500000| Untracked 
| 190|0x000000070c600000, 0x000000070c600000, 0x000000070c700000|  0%| F|  |TAMS 0x000000070c600000, 0x000000070c600000| Untracked 
| 191|0x000000070c700000, 0x000000070c700000, 0x000000070c800000|  0%| F|  |TAMS 0x000000070c700000, 0x000000070c700000| Untracked 
| 192|0x000000070c800000, 0x000000070c800000, 0x000000070c900000|  0%| F|  |TAMS 0x000000070c800000, 0x000000070c800000| Untracked 
| 193|0x000000070c900000, 0x000000070c900000, 0x000000070ca00000|  0%| F|  |TAMS 0x000000070c900000, 0x000000070c900000| Untracked 
| 194|0x000000070ca00000, 0x000000070ca00000, 0x000000070cb00000|  0%| F|  |TAMS 0x000000070ca00000, 0x000000070ca00000| Untracked 
| 195|0x000000070cb00000, 0x000000070cb00000, 0x000000070cc00000|  0%| F|  |TAMS 0x000000070cb00000, 0x000000070cb00000| Untracked 
| 196|0x000000070cc00000, 0x000000070cc00000, 0x000000070cd00000|  0%| F|  |TAMS 0x000000070cc00000, 0x000000070cc00000| Untracked 
| 197|0x000000070cd00000, 0x000000070cd00000, 0x000000070ce00000|  0%| F|  |TAMS 0x000000070cd00000, 0x000000070cd00000| Untracked 
| 198|0x000000070ce00000, 0x000000070ce00000, 0x000000070cf00000|  0%| F|  |TAMS 0x000000070ce00000, 0x000000070ce00000| Untracked 
| 199|0x000000070cf00000, 0x000000070cf00000, 0x000000070d000000|  0%| F|  |TAMS 0x000000070cf00000, 0x000000070cf00000| Untracked 
| 200|0x000000070d000000, 0x000000070d000000, 0x000000070d100000|  0%| F|  |TAMS 0x000000070d000000, 0x000000070d000000| Untracked 
| 201|0x000000070d100000, 0x000000070d100000, 0x000000070d200000|  0%| F|  |TAMS 0x000000070d100000, 0x000000070d100000| Untracked 
| 202|0x000000070d200000, 0x000000070d200000, 0x000000070d300000|  0%| F|  |TAMS 0x000000070d200000, 0x000000070d200000| Untracked 
| 203|0x000000070d300000, 0x000000070d300000, 0x000000070d400000|  0%| F|  |TAMS 0x000000070d300000, 0x000000070d300000| Untracked 
| 204|0x000000070d400000, 0x000000070d400000, 0x000000070d500000|  0%| F|  |TAMS 0x000000070d400000, 0x000000070d400000| Untracked 
| 205|0x000000070d500000, 0x000000070d500000, 0x000000070d600000|  0%| F|  |TAMS 0x000000070d500000, 0x000000070d500000| Untracked 
| 206|0x000000070d600000, 0x000000070d600000, 0x000000070d700000|  0%| F|  |TAMS 0x000000070d600000, 0x000000070d600000| Untracked 
| 207|0x000000070d700000, 0x000000070d700000, 0x000000070d800000|  0%| F|  |TAMS 0x000000070d700000, 0x000000070d700000| Untracked 
| 208|0x000000070d800000, 0x000000070d800000, 0x000000070d900000|  0%| F|  |TAMS 0x000000070d800000, 0x000000070d800000| Untracked 
| 209|0x000000070d900000, 0x000000070d900000, 0x000000070da00000|  0%| F|  |TAMS 0x000000070d900000, 0x000000070d900000| Untracked 
| 210|0x000000070da00000, 0x000000070da00000, 0x000000070db00000|  0%| F|  |TAMS 0x000000070da00000, 0x000000070da00000| Untracked 
| 211|0x000000070db00000, 0x000000070db00000, 0x000000070dc00000|  0%| F|  |TAMS 0x000000070db00000, 0x000000070db00000| Untracked 
| 212|0x000000070dc00000, 0x000000070dc00000, 0x000000070dd00000|  0%| F|  |TAMS 0x000000070dc00000, 0x000000070dc00000| Untracked 
| 213|0x000000070dd00000, 0x000000070dd00000, 0x000000070de00000|  0%| F|  |TAMS 0x000000070dd00000, 0x000000070dd00000| Untracked 
| 214|0x000000070de00000, 0x000000070de00000, 0x000000070df00000|  0%| F|  |TAMS 0x000000070de00000, 0x000000070de00000| Untracked 
| 215|0x000000070df00000, 0x000000070df00000, 0x000000070e000000|  0%| F|  |TAMS 0x000000070df00000, 0x000000070df00000| Untracked 
| 216|0x000000070e000000, 0x000000070e000000, 0x000000070e100000|  0%| F|  |TAMS 0x000000070e000000, 0x000000070e000000| Untracked 
| 217|0x000000070e100000, 0x000000070e100000, 0x000000070e200000|  0%| F|  |TAMS 0x000000070e100000, 0x000000070e100000| Untracked 
| 218|0x000000070e200000, 0x000000070e200000, 0x000000070e300000|  0%| F|  |TAMS 0x000000070e200000, 0x000000070e200000| Untracked 
| 219|0x000000070e300000, 0x000000070e300000, 0x000000070e400000|  0%| F|  |TAMS 0x000000070e300000, 0x000000070e300000| Untracked 
| 220|0x000000070e400000, 0x000000070e400000, 0x000000070e500000|  0%| F|  |TAMS 0x000000070e400000, 0x000000070e400000| Untracked 
| 221|0x000000070e500000, 0x000000070e500000, 0x000000070e600000|  0%| F|  |TAMS 0x000000070e500000, 0x000000070e500000| Untracked 
| 222|0x000000070e600000, 0x000000070e600000, 0x000000070e700000|  0%| F|  |TAMS 0x000000070e600000, 0x000000070e600000| Untracked 
| 223|0x000000070e700000, 0x000000070e700000, 0x000000070e800000|  0%| F|  |TAMS 0x000000070e700000, 0x000000070e700000| Untracked 
| 224|0x000000070e800000, 0x000000070e800000, 0x000000070e900000|  0%| F|  |TAMS 0x000000070e800000, 0x000000070e800000| Untracked 
| 225|0x000000070e900000, 0x000000070e900000, 0x000000070ea00000|  0%| F|  |TAMS 0x000000070e900000, 0x000000070e900000| Untracked 
| 226|0x000000070ea00000, 0x000000070ea00000, 0x000000070eb00000|  0%| F|  |TAMS 0x000000070ea00000, 0x000000070ea00000| Untracked 
| 227|0x000000070eb00000, 0x000000070eb00000, 0x000000070ec00000|  0%| F|  |TAMS 0x000000070eb00000, 0x000000070eb00000| Untracked 
| 228|0x000000070ec00000, 0x000000070ec00000, 0x000000070ed00000|  0%| F|  |TAMS 0x000000070ec00000, 0x000000070ec00000| Untracked 
| 229|0x000000070ed00000, 0x000000070ed00000, 0x000000070ee00000|  0%| F|  |TAMS 0x000000070ed00000, 0x000000070ed00000| Untracked 
| 230|0x000000070ee00000, 0x000000070ee00000, 0x000000070ef00000|  0%| F|  |TAMS 0x000000070ee00000, 0x000000070ee00000| Untracked 
| 231|0x000000070ef00000, 0x000000070ef00000, 0x000000070f000000|  0%| F|  |TAMS 0x000000070ef00000, 0x000000070ef00000| Untracked 
| 232|0x000000070f000000, 0x000000070f000000, 0x000000070f100000|  0%| F|  |TAMS 0x000000070f000000, 0x000000070f000000| Untracked 
| 233|0x000000070f100000, 0x000000070f100000, 0x000000070f200000|  0%| F|  |TAMS 0x000000070f100000, 0x000000070f100000| Untracked 
| 234|0x000000070f200000, 0x000000070f200000, 0x000000070f300000|  0%| F|  |TAMS 0x000000070f200000, 0x000000070f200000| Untracked 
| 235|0x000000070f300000, 0x000000070f300000, 0x000000070f400000|  0%| F|  |TAMS 0x000000070f300000, 0x000000070f300000| Untracked 
| 236|0x000000070f400000, 0x000000070f400000, 0x000000070f500000|  0%| F|  |TAMS 0x000000070f400000, 0x000000070f400000| Untracked 
| 237|0x000000070f500000, 0x000000070f500000, 0x000000070f600000|  0%| F|  |TAMS 0x000000070f500000, 0x000000070f500000| Untracked 
| 238|0x000000070f600000, 0x000000070f600000, 0x000000070f700000|  0%| F|  |TAMS 0x000000070f600000, 0x000000070f600000| Untracked 
| 239|0x000000070f700000, 0x000000070f700000, 0x000000070f800000|  0%| F|  |TAMS 0x000000070f700000, 0x000000070f700000| Untracked 
| 240|0x000000070f800000, 0x000000070f800000, 0x000000070f900000|  0%| F|  |TAMS 0x000000070f800000, 0x000000070f800000| Untracked 
| 241|0x000000070f900000, 0x000000070f900000, 0x000000070fa00000|  0%| F|  |TAMS 0x000000070f900000, 0x000000070f900000| Untracked 
| 242|0x000000070fa00000, 0x000000070fa00000, 0x000000070fb00000|  0%| F|  |TAMS 0x000000070fa00000, 0x000000070fa00000| Untracked 
| 243|0x000000070fb00000, 0x000000070fb00000, 0x000000070fc00000|  0%| F|  |TAMS 0x000000070fb00000, 0x000000070fb00000| Untracked 
| 244|0x000000070fc00000, 0x000000070fc00000, 0x000000070fd00000|  0%| F|  |TAMS 0x000000070fc00000, 0x000000070fc00000| Untracked 
| 245|0x000000070fd00000, 0x000000070fd00000, 0x000000070fe00000|  0%| F|  |TAMS 0x000000070fd00000, 0x000000070fd00000| Untracked 
| 246|0x000000070fe00000, 0x000000070fe00000, 0x000000070ff00000|  0%| F|  |TAMS 0x000000070fe00000, 0x000000070fe00000| Untracked 
| 247|0x000000070ff00000, 0x000000070ff00000, 0x0000000710000000|  0%| F|  |TAMS 0x000000070ff00000, 0x000000070ff00000| Untracked 
| 248|0x0000000710000000, 0x0000000710000000, 0x0000000710100000|  0%| F|  |TAMS 0x0000000710000000, 0x0000000710000000| Untracked 
| 249|0x0000000710100000, 0x0000000710100000, 0x0000000710200000|  0%| F|  |TAMS 0x0000000710100000, 0x0000000710100000| Untracked 
| 250|0x0000000710200000, 0x0000000710200000, 0x0000000710300000|  0%| F|  |TAMS 0x0000000710200000, 0x0000000710200000| Untracked 
| 251|0x0000000710300000, 0x0000000710400000, 0x0000000710400000|100%| E|  |TAMS 0x0000000710300000, 0x0000000710300000| Complete 
| 252|0x0000000710400000, 0x0000000710500000, 0x0000000710500000|100%| E|CS|TAMS 0x0000000710400000, 0x0000000710400000| Complete 
| 253|0x0000000710500000, 0x0000000710600000, 0x0000000710600000|100%| E|CS|TAMS 0x0000000710500000, 0x0000000710500000| Complete 
| 254|0x0000000710600000, 0x0000000710700000, 0x0000000710700000|100%| E|CS|TAMS 0x0000000710600000, 0x0000000710600000| Complete 
| 255|0x0000000710700000, 0x0000000710800000, 0x0000000710800000|100%| E|CS|TAMS 0x0000000710700000, 0x0000000710700000| Complete 

Card table byte_map: [0x000001eb7d210000,0x000001eb7da10000] _byte_map_base: 0x000001eb79a0c000

Marking Bits (Prev, Next): (CMBitMap*) 0x000001eb65411db8, (CMBitMap*) 0x000001eb65411df0
 Prev Bits: [0x000001eb00000000, 0x000001eb03fe0000)
 Next Bits: [0x000001eb03fe0000, 0x000001eb07fc0000)

Polling page: 0x000001eb63280000

Metaspace:

Usage:
  Non-class:      8.21 MB capacity,     8.11 MB ( 99%) used,    82.77 KB ( <1%) free+waste,    20.25 KB ( <1%) overhead. 
      Class:   1016.00 KB capacity,   888.68 KB ( 87%) used,   117.13 KB ( 12%) free+waste,    10.19 KB (  1%) overhead. 
       Both:      9.20 MB capacity,     8.98 MB ( 98%) used,   199.91 KB (  2%) free+waste,    30.44 KB ( <1%) overhead. 

Virtual space:
  Non-class space:       10.00 MB reserved,       8.25 MB ( 83%) committed 
      Class space:        1.00 GB reserved,       1.00 MB ( <1%) committed 
             Both:        1.01 GB reserved,       9.25 MB ( <1%) committed 

Chunk freelists:
   Non-Class:  42.00 KB
       Class:  8.00 KB
        Both:  50.00 KB

MaxMetaspaceSize: 17179869184.00 GB
CompressedClassSpaceSize: 1.00 GB

CodeHeap 'non-profiled nmethods': size=120064Kb used=143Kb max_used=143Kb free=119920Kb
 bounds [0x000001eb754d0000, 0x000001eb75740000, 0x000001eb7ca10000]
CodeHeap 'profiled nmethods': size=120000Kb used=799Kb max_used=799Kb free=119200Kb
 bounds [0x000001eb6dfa0000, 0x000001eb6e210000, 0x000001eb754d0000]
CodeHeap 'non-nmethods': size=5696Kb used=1110Kb max_used=1123Kb free=4586Kb
 bounds [0x000001eb6da10000, 0x000001eb6dc80000, 0x000001eb6dfa0000]
 total_blobs=946 nmethods=523 adapters=335
 compilation: enabled
              stopped_count=0, restarted_count=0
 full_count=0

Compilation events (20 events):
Event: 0.412 Thread 0x000001eb7f043000  511       3       java.util.HashMap$HashIterator::hasNext (13 bytes)
Event: 0.412 Thread 0x000001eb7f043000 nmethod 511 0x000001eb6e066c90 code [0x000001eb6e066e40, 0x000001eb6e066f98]
Event: 0.412 Thread 0x000001eb7f043000  517       3       java.lang.String::compareTo (9 bytes)
Event: 0.412 Thread 0x000001eb7f043000 nmethod 517 0x000001eb6e067010 code [0x000001eb6e0671e0, 0x000001eb6e067408]
Event: 0.412 Thread 0x000001eb7f043000  519       3       java.lang.StringLatin1::compareTo (14 bytes)
Event: 0.412 Thread 0x000001eb7f043000 nmethod 519 0x000001eb6e067510 code [0x000001eb6e0676c0, 0x000001eb6e0677e8]
Event: 0.412 Thread 0x000001eb7f043000  520       1       java.util.HashMap$Node::getKey (5 bytes)
Event: 0.412 Thread 0x000001eb7f043000 nmethod 520 0x000001eb754f2910 code [0x000001eb754f2ac0, 0x000001eb754f2b78]
Event: 0.412 Thread 0x000001eb7f043000  521       1       java.util.HashMap$Node::getValue (5 bytes)
Event: 0.412 Thread 0x000001eb7f043000 nmethod 521 0x000001eb754f2c10 code [0x000001eb754f2dc0, 0x000001eb754f2e78]
Event: 0.412 Thread 0x000001eb7f043000  524       3       java.util.HashMap$KeyIterator::next (8 bytes)
Event: 0.412 Thread 0x000001eb7f043000 nmethod 524 0x000001eb6e067910 code [0x000001eb6e067ac0, 0x000001eb6e067c08]
Event: 0.412 Thread 0x000001eb7f043000  522       1       java.util.concurrent.atomic.AtomicInteger::get (5 bytes)
Event: 0.412 Thread 0x000001eb7f043000 nmethod 522 0x000001eb754f2f10 code [0x000001eb754f30c0, 0x000001eb754f3178]
Event: 0.413 Thread 0x000001eb7f33d800 nmethod 508 0x000001eb754f3210 code [0x000001eb754f33a0, 0x000001eb754f34d8]
Event: 0.413 Thread 0x000001eb7f33d800  514       4       java.lang.String::coder (15 bytes)
Event: 0.413 Thread 0x000001eb7f33d800 nmethod 514 0x000001eb754f3590 code [0x000001eb754f3720, 0x000001eb754f3778]
Event: 0.413 Thread 0x000001eb7f33d800  513       4       java.lang.Math::min (11 bytes)
Event: 0.413 Thread 0x000001eb7f33d800 nmethod 513 0x000001eb754f3810 code [0x000001eb754f39a0, 0x000001eb754f39f8]
Event: 0.413 Thread 0x000001eb7f33d800  495       4       jdk.internal.org.objectweb.asm.Item::<init> (66 bytes)

GC Heap History (0 events):
No events

Deoptimization events (12 events):
Event: 0.091 Thread 0x000001eb653aa800 Uncommon trap: trap_request=0xffffff4d fr.pc=0x000001eb754d4520 relative=0x0000000000000200
Event: 0.091 Thread 0x000001eb653aa800 Uncommon trap: reason=unstable_if action=reinterpret pc=0x000001eb754d4520 method=java.lang.String.hashCode()I @ 14 c2
Event: 0.091 Thread 0x000001eb653aa800 DEOPT PACKING pc=0x000001eb754d4520 sp=0x0000002bca3fd7a0
Event: 0.091 Thread 0x000001eb653aa800 DEOPT UNPACKING pc=0x000001eb6da3772f sp=0x0000002bca3fd738 mode 2
Event: 0.207 Thread 0x000001eb653aa800 Uncommon trap: trap_request=0xffffff4d fr.pc=0x000001eb754d7ec0 relative=0x0000000000000080
Event: 0.207 Thread 0x000001eb653aa800 Uncommon trap: reason=unstable_if action=reinterpret pc=0x000001eb754d7ec0 method=java.lang.String.charAt(I)C @ 4 c2
Event: 0.207 Thread 0x000001eb653aa800 DEOPT PACKING pc=0x000001eb754d7ec0 sp=0x0000002bca3fb280
Event: 0.207 Thread 0x000001eb653aa800 DEOPT UNPACKING pc=0x000001eb6da3772f sp=0x0000002bca3fb220 mode 2
Event: 0.402 Thread 0x000001eb653aa800 Uncommon trap: trap_request=0xffffff4d fr.pc=0x000001eb754e5db0 relative=0x0000000000000210
Event: 0.402 Thread 0x000001eb653aa800 Uncommon trap: reason=unstable_if action=reinterpret pc=0x000001eb754e5db0 method=java.lang.String.hashCode()I @ 22 c2
Event: 0.402 Thread 0x000001eb653aa800 DEOPT PACKING pc=0x000001eb754e5db0 sp=0x0000002bca3fd940
Event: 0.402 Thread 0x000001eb653aa800 DEOPT UNPACKING pc=0x000001eb6da3772f sp=0x0000002bca3fd8c8 mode 2

Classes redefined (0 events):
No events

Internal exceptions (11 events):
Event: 0.137 Thread 0x000001eb653aa800 Exception <a 'java/lang/ClassNotFoundException'{0x0000000710653048}: sun/awt/resources/spi/awtProvider> (0x0000000710653048) thrown at [./src/hotspot/share/classfile/systemDictionary.cpp, line 231]
Event: 0.208 Thread 0x000001eb653aa800 Exception <a 'java/io/FileNotFoundException'{0x00000007106ec6b8}> (0x00000007106ec6b8) thrown at [./src/hotspot/share/prims/jni.cpp, line 615]
Event: 0.216 Thread 0x000001eb653aa800 Exception <a 'java/lang/NoSuchMethodError'{0x0000000710547a70}: 'java.lang.Object java.lang.invoke.DirectMethodHandle$Holder.invokeStatic(java.lang.Object, java.lang.Object, java.lang.Object, java.lang.Object, java.lang.Object, java.lang.Object, java.lang.Object, java.lang.Object, java.lang.Object, java.lang.Object, java.lang.Object, java.lang.Object, java.lang.Object, java.lang.Object, java.lang.Object)'> (0x0000000710547a70) thrown at [./src/hotspot/share/interpreter/linkResolver.cpp, line 773]
Event: 0.217 Thread 0x000001eb653aa800 Exception <a 'java/lang/NoSuchMethodError'{0x0000000710555f08}: 'java.lang.Object java.lang.invoke.DirectMethodHandle$Holder.invokeStatic(java.lang.Object, java.lang.Object, java.lang.Object, java.lang.Object, java.lang.Object, java.lang.Object, java.lang.Object, java.lang.Object, java.lang.Object, java.lang.Object, java.lang.Object, java.lang.Object, java.lang.Object, java.lang.Object, java.lang.Object, java.lang.Object)'> (0x0000000710555f08) thrown at [./src/hotspot/share/interpreter/linkResolver.cpp, l
Event: 0.218 Thread 0x000001eb653aa800 Exception <a 'java/lang/NoSuchMethodError'{0x0000000710563b78}: 'java.lang.Object java.lang.invoke.DirectMethodHandle$Holder.invokeSpecial(java.lang.Object, java.lang.Object, int, int, java.lang.Object, java.lang.Object, java.lang.Object)'> (0x0000000710563b78) thrown at [./src/hotspot/share/interpreter/linkResolver.cpp, line 773]
Event: 0.218 Thread 0x000001eb653aa800 Exception <a 'java/lang/NoSuchMethodError'{0x0000000710567108}: 'java.lang.Object java.lang.invoke.DelegatingMethodHandle$Holder.reinvoke_L(java.lang.Object, int, int, java.lang.Object, java.lang.Object, java.lang.Object)'> (0x0000000710567108) thrown at [./src/hotspot/share/interpreter/linkResolver.cpp, line 773]
Event: 0.219 Thread 0x000001eb653aa800 Exception <a 'java/lang/NoSuchMethodError'{0x000000071056b1e8}: 'java.lang.Object java.lang.invoke.DirectMethodHandle$Holder.invokeStatic(java.lang.Object, java.lang.Object, java.lang.Object, java.lang.Object, int)'> (0x000000071056b1e8) thrown at [./src/hotspot/share/interpreter/linkResolver.cpp, line 773]
Event: 0.226 Thread 0x000001eb653aa800 Exception <a 'java/io/FileNotFoundException'{0x00000007105cde38}> (0x00000007105cde38) thrown at [./src/hotspot/share/prims/jni.cpp, line 615]
Event: 0.318 Thread 0x000001eb7f572000 Exception <a 'java/lang/NoSuchMethodError'{0x0000000710494f58}: 'void java.lang.invoke.DirectMethodHandle$Holder.invokeSpecial(java.lang.Object, java.lang.Object)'> (0x0000000710494f58) thrown at [./src/hotspot/share/interpreter/linkResolver.cpp, line 773]
Event: 0.321 Thread 0x000001eb653aa800 Exception <a 'java/lang/NoSuchMethodError'{0x00000007104815c8}: 'java.lang.Object java.lang.invoke.DirectMethodHandle$Holder.invokeStatic(java.lang.Object, java.lang.Object, java.lang.Object, java.lang.Object, java.lang.Object, java.lang.Object, java.lang.Object, java.lang.Object, int)'> (0x00000007104815c8) thrown at [./src/hotspot/share/interpreter/linkResolver.cpp, line 773]
Event: 0.322 Thread 0x000001eb653aa800 Exception <a 'java/lang/NoSuchMethodError'{0x000000071030bbc0}: 'java.lang.Object java.lang.invoke.DirectMethodHandle$Holder.invokeStatic(java.lang.Object, java.lang.Object, java.lang.Object, java.lang.Object, java.lang.Object, java.lang.Object, java.lang.Object, java.lang.Object, int, int)'> (0x000000071030bbc0) thrown at [./src/hotspot/share/interpreter/linkResolver.cpp, line 773]

Events (20 events):
Event: 0.410 loading class sun/awt/SunHints$Value
Event: 0.410 loading class sun/awt/SunHints$Value done
Event: 0.410 loading class sun/awt/SunHints$LCDContrastKey
Event: 0.411 loading class sun/awt/SunHints$LCDContrastKey done
Event: 0.411 loading class java/util/Arrays$LegacyMergeSort
Event: 0.411 loading class java/util/Arrays$LegacyMergeSort done
Event: 0.411 loading class java/util/ComparableTimSort
Event: 0.411 loading class java/util/ComparableTimSort done
Event: 0.411 Thread 0x000001eb7f33d800 Thread added: 0x000001eb7f33d800
Event: 0.411 loading class java/beans/PropertyChangeEvent
Event: 0.411 loading class java/beans/PropertyChangeEvent done
Event: 0.411 loading class java/awt/Toolkit$DesktopPropertyChangeSupport$1
Event: 0.411 loading class java/awt/Toolkit$DesktopPropertyChangeSupport$1 done
Event: 0.411 loading class java/util/IdentityHashMap$Values
Event: 0.411 loading class java/util/IdentityHashMap$Values done
Event: 0.411 loading class java/util/IdentityHashMap$ValueIterator
Event: 0.411 loading class java/util/IdentityHashMap$IdentityHashMapIterator
Event: 0.412 loading class java/util/IdentityHashMap$IdentityHashMapIterator done
Event: 0.412 loading class java/util/IdentityHashMap$ValueIterator done
Event: 0.412 loading class sun/swing/SwingUtilities2


Dynamic libraries:
0x00007ff6a4d00000 - 0x00007ff6a4d0d000 	C:\Program Files\AdoptOpenJDK\jdk-11.0.8.10-hotspot\bin\java.exe
0x00007ffcec970000 - 0x00007ffcecb50000 	C:\WINDOWS\SYSTEM32\ntdll.dll
0x00007ffce9e40000 - 0x00007ffce9eee000 	C:\WINDOWS\System32\KERNEL32.DLL
0x00007ffce8d70000 - 0x00007ffce8fd6000 	C:\WINDOWS\System32\KERNELBASE.dll
0x00007ffce99c0000 - 0x00007ffce9ab6000 	C:\WINDOWS\System32\ucrtbase.dll
0x00007ffcd8eb0000 - 0x00007ffcd8ec7000 	C:\Program Files\AdoptOpenJDK\jdk-11.0.8.10-hotspot\bin\jli.dll
0x00007ffcd9d40000 - 0x00007ffcd9d55000 	C:\Program Files\AdoptOpenJDK\jdk-11.0.8.10-hotspot\bin\VCRUNTIME140.dll
0x00007ffcea2d0000 - 0x00007ffcea45f000 	C:\WINDOWS\System32\USER32.dll
0x00007ffce9ba0000 - 0x00007ffce9bc0000 	C:\WINDOWS\System32\win32u.dll
0x00007ffcec730000 - 0x00007ffcec758000 	C:\WINDOWS\System32\GDI32.dll
0x00007ffce90d0000 - 0x00007ffce9263000 	C:\WINDOWS\System32\gdi32full.dll
0x00007ffce9030000 - 0x00007ffce90cb000 	C:\WINDOWS\System32\msvcp_win.dll
0x00007ffce1990000 - 0x00007ffce1bf9000 	C:\WINDOWS\WinSxS\amd64_microsoft.windows.common-controls_6595b64144ccf1df_6.0.16299.371_none_15c7d1789365a290\COMCTL32.dll
0x00007ffcea580000 - 0x00007ffcea61d000 	C:\WINDOWS\System32\msvcrt.dll
0x00007ffce9fc0000 - 0x00007ffcea2c8000 	C:\WINDOWS\System32\combase.dll
0x00007ffceaff0000 - 0x00007ffceb10f000 	C:\WINDOWS\System32\RPCRT4.dll
0x00007ffce9ac0000 - 0x00007ffce9b32000 	C:\WINDOWS\System32\bcryptPrimitives.dll
0x00007ffcec550000 - 0x00007ffcec57d000 	C:\WINDOWS\System32\IMM32.DLL
0x00007ffcc3fd0000 - 0x00007ffcc406b000 	C:\Program Files\AdoptOpenJDK\jdk-11.0.8.10-hotspot\bin\msvcp140.dll
0x00007ffcaef80000 - 0x00007ffcafa3d000 	C:\Program Files\AdoptOpenJDK\jdk-11.0.8.10-hotspot\bin\server\jvm.dll
0x00007ffcec7c0000 - 0x00007ffcec861000 	C:\WINDOWS\System32\ADVAPI32.dll
0x00007ffcec6d0000 - 0x00007ffcec72b000 	C:\WINDOWS\System32\sechost.dll
0x00007ffcec930000 - 0x00007ffcec938000 	C:\WINDOWS\System32\PSAPI.DLL
0x00007ffce3e80000 - 0x00007ffce3e8a000 	C:\WINDOWS\SYSTEM32\VERSION.dll
0x00007ffce5610000 - 0x00007ffce5633000 	C:\WINDOWS\SYSTEM32\WINMM.dll
0x00007ffcd8b70000 - 0x00007ffcd8b79000 	C:\WINDOWS\SYSTEM32\WSOCK32.dll
0x00007ffcea460000 - 0x00007ffcea4cc000 	C:\WINDOWS\System32\WS2_32.dll
0x00007ffce55b0000 - 0x00007ffce55da000 	C:\WINDOWS\SYSTEM32\winmmbase.dll
0x00007ffce8fe0000 - 0x00007ffce902a000 	C:\WINDOWS\System32\cfgmgr32.dll
0x00007ffce8d00000 - 0x00007ffce8d11000 	C:\WINDOWS\System32\kernel.appcore.dll
0x00007ffce5a20000 - 0x00007ffce5a30000 	C:\Program Files\AdoptOpenJDK\jdk-11.0.8.10-hotspot\bin\verify.dll
0x00007ffcd6fb0000 - 0x00007ffcd7178000 	C:\WINDOWS\SYSTEM32\DBGHELP.DLL
0x00007ffcd6f30000 - 0x00007ffcd6f59000 	C:\WINDOWS\SYSTEM32\dbgcore.DLL
0x00007ffcc48f0000 - 0x00007ffcc4918000 	C:\Program Files\AdoptOpenJDK\jdk-11.0.8.10-hotspot\bin\java.dll
0x00007ffce5a00000 - 0x00007ffce5a0a000 	C:\Program Files\AdoptOpenJDK\jdk-11.0.8.10-hotspot\bin\jimage.dll
0x00007ffcd47d0000 - 0x00007ffcd47e7000 	C:\Program Files\AdoptOpenJDK\jdk-11.0.8.10-hotspot\bin\zip.dll
0x00007ffceb110000 - 0x00007ffcec546000 	C:\WINDOWS\System32\SHELL32.dll
0x00007ffcea4d0000 - 0x00007ffcea576000 	C:\WINDOWS\System32\shcore.dll
0x00007ffce9270000 - 0x00007ffce99b7000 	C:\WINDOWS\System32\windows.storage.dll
0x00007ffcec760000 - 0x00007ffcec7b1000 	C:\WINDOWS\System32\shlwapi.dll
0x00007ffce8d20000 - 0x00007ffce8d6c000 	C:\WINDOWS\System32\powrprof.dll
0x00007ffce8cc0000 - 0x00007ffce8cdb000 	C:\WINDOWS\System32\profapi.dll
0x00007ffcb3030000 - 0x00007ffcb31c9000 	C:\Program Files\AdoptOpenJDK\jdk-11.0.8.10-hotspot\bin\awt.dll
0x00007ffcea8e0000 - 0x00007ffcea9a5000 	C:\WINDOWS\System32\OLEAUT32.dll
0x00007ffce6d60000 - 0x00007ffce6de8000 	C:\WINDOWS\SYSTEM32\apphelp.dll
0x00007ffce7150000 - 0x00007ffce717a000 	C:\WINDOWS\system32\DWMAPI.DLL
0x00007ffce7060000 - 0x00007ffce70f5000 	C:\WINDOWS\system32\uxtheme.dll
0x00007ffcb36f0000 - 0x00007ffcb380e000 	C:\WINDOWS\system32\opengl32.dll
0x00007ffcb7240000 - 0x00007ffcb726c000 	C:\WINDOWS\SYSTEM32\GLU32.dll
0x00007ffcea9b0000 - 0x00007ffceab17000 	C:\WINDOWS\System32\MSCTF.dll
0x00007ffcec580000 - 0x00007ffcec6c9000 	C:\WINDOWS\System32\ole32.dll
0x00007ffce0830000 - 0x00007ffce09c5000 	C:\WINDOWS\system32\d3d9.dll
0x00007ffcdfed0000 - 0x00007ffcdffbf000 	C:\WINDOWS\System32\DriverStore\FileRepository\nv_desktop_ref4i.inf_amd64_8e9ea337ab83d6e3\nvldumdx.dll
0x00007ffce9bc0000 - 0x00007ffce9d8e000 	C:\WINDOWS\System32\crypt32.dll
0x00007ffce8ce0000 - 0x00007ffce8cf2000 	C:\WINDOWS\System32\MSASN1.dll
0x00007ffce9b40000 - 0x00007ffce9b98000 	C:\WINDOWS\System32\WINTRUST.DLL
0x00007ffcec910000 - 0x00007ffcec92d000 	C:\WINDOWS\System32\imagehlp.dll
0x00007ffce86b0000 - 0x00007ffce86c7000 	C:\WINDOWS\SYSTEM32\CRYPTSP.dll
0x00007ffce80f0000 - 0x00007ffce8123000 	C:\WINDOWS\system32\rsaenh.dll
0x00007ffce8820000 - 0x00007ffce8845000 	C:\WINDOWS\SYSTEM32\bcrypt.dll
0x00007ffce86d0000 - 0x00007ffce86db000 	C:\WINDOWS\SYSTEM32\CRYPTBASE.dll
0x00007ffc9d4b0000 - 0x00007ffc9e9b4000 	C:\WINDOWS\System32\DriverStore\FileRepository\nv_desktop_ref4i.inf_amd64_8e9ea337ab83d6e3\nvd3dumx.dll

dbghelp: loaded successfully - version: 4.0.5 - missing functions: none
symbol engine: initialized successfully - sym options: 0x614 - pdb path: .;C:\Program Files\AdoptOpenJDK\jdk-11.0.8.10-hotspot\bin;C:\WINDOWS\SYSTEM32;C:\WINDOWS\WinSxS\amd64_microsoft.windows.common-controls_6595b64144ccf1df_6.0.16299.371_none_15c7d1789365a290;C:\Program Files\AdoptOpenJDK\jdk-11.0.8.10-hotspot\bin\server;C:\WINDOWS\System32\DriverStore\FileRepository\nv_desktop_ref4i.inf_amd64_8e9ea337ab83d6e3

VM Arguments:
jvm_args: -Dfile.encoding=UTF-8 
java_command: Frame.TestSwing
java_class_path (initial): C:\Users\PowerUser\AppData\Roaming\Code\User\workspaceStorage\59abebf65f4bb308d1835b50fdb6ad40\redhat.java\jdt_ws\SQLhelper_b7f15de9\bin
Launcher Type: SUN_STANDARD

[Global flags]
     intx CICompilerCount                          = 3                                         {product} {ergonomic}
     uint ConcGCThreads                            = 1                                         {product} {ergonomic}
     uint G1ConcRefinementThreads                  = 4                                         {product} {ergonomic}
   size_t G1HeapRegionSize                         = 1048576                                   {product} {ergonomic}
    uintx GCDrainStackTargetSize                   = 64                                        {product} {ergonomic}
   size_t InitialHeapSize                          = 268435456                                 {product} {ergonomic}
   size_t MarkStackSize                            = 4194304                                   {product} {ergonomic}
   size_t MaxHeapSize                              = 4286578688                                {product} {ergonomic}
   size_t MaxNewSize                               = 2571108352                                {product} {ergonomic}
   size_t MinHeapDeltaBytes                        = 1048576                                   {product} {ergonomic}
    uintx NonNMethodCodeHeapSize                   = 5830732                                {pd product} {ergonomic}
    uintx NonProfiledCodeHeapSize                  = 122913754                              {pd product} {ergonomic}
    uintx ProfiledCodeHeapSize                     = 122913754                              {pd product} {ergonomic}
    uintx ReservedCodeCacheSize                    = 251658240                              {pd product} {ergonomic}
     bool SegmentedCodeCache                       = true                                      {product} {ergonomic}
     bool UseCompressedClassPointers               = true                                 {lp64_product} {ergonomic}
     bool UseCompressedOops                        = true                                 {lp64_product} {ergonomic}
     bool UseG1GC                                  = true                                      {product} {ergonomic}
     bool UseLargePagesIndividualAllocation        = false                                  {pd product} {ergonomic}

Logging:
Log output configuration:
 #0: stdout all=warning uptime,level,tags
 #1: stderr all=off uptime,level,tags

Environment Variables:
PATH=C:\Program Files\AdoptOpenJDK\jdk-11.0.8.10-hotspot\bin;C:\Program Files (x86)\NAT Service;C:\Program Files (x86)\Common Files\Oracle\Java\javapath;C:\ProgramData\Oracle\Java\javapath;C:\WINDOWS\system32;C:\WINDOWS;C:\WINDOWS\System32\Wbem;C:\WINDOWS\System32\WindowsPowerShell\v1.0\;C:\opencv\build\x64\vc14\bin;C:\Program Files\Microsoft\Web Platform Installer\;C:\Program Files (x86)\Microsoft ASP.NET\ASP.NET Web Pages\v1.0\;C:\Program Files\Microsoft SQL Server\110\Tools\Binn\;C:\Program Files (x86)\Microsoft SQL Server\110\Tools\Binn\;C:\Program Files\Microsoft SQL Server\110\DTS\Binn\;C:\Program Files (x86)\Microsoft SQL Server\110\Tools\Binn\ManagementStudio\;C:\Program Files (x86)\Microsoft Visual Studio 10.0\Common7\IDE\PrivateAssemblies\;C:\Program Files (x86)\Microsoft SQL Server\110\DTS\Binn\;C:\Program Files\Git\cmd;C:\Program Files (x86)\NVIDIA Corporation\PhysX\Common;C:\Program Files (x86)\Tesseract-OCR;C:\Users\PowerUser\AppData\Local\Programs\Python\Python38-32\;C:\Users\PowerUser\AppData\Local\Programs\Python\Python38-32\Scripts\;C:\mingw64\bin;C:\Users\PowerUser\AppData\Local\Programs\Python\Python38-32\Scripts\;C:\Users\PowerUser\AppData\Local\Programs\Python\Python38-32\;C:\Users\PowerUser\AppData\Local\Microsoft\WindowsApps;C:\Users\PowerUser\AppData\Local\GitHubDesktop\bin;C:\Users\PowerUser\AppData\Local\Tesseract-OCR;C:\Users\PowerUser\AppData\Local\Programs\Microsoft VS Code\bin;
USERNAME=PowerUser
LANG=ko_KR.UTF-8
OS=Windows_NT
PROCESSOR_IDENTIFIER=Intel64 Family 6 Model 158 Stepping 9, GenuineIntel



---------------  S Y S T E M  ---------------

OS: Windows 10 , 64 bit Build 16299 (10.0.16299.15)
OS uptime: 2 days 4:41 hours
HyperV virtualization detected

CPU:total 4 (initial active 4) (4 cores per cpu, 1 threads per core) family 6 model 158 stepping 9, cmov, cx8, fxsr, mmx, sse, sse2, sse3, ssse3, sse4.1, sse4.2, popcnt, avx, avx2, aes, clmul, erms, rtm, 3dnowpref, lzcnt, tsc, tscinvbit, bmi1, bmi2, adx, fma

Memory: 4k page, system-wide physical 16348M (8218M free)
TotalPageFile size 22994M (AvailPageFile size 236M)
current process WorkingSet (physical memory assigned to process): 62M, peak: 62M
current process commit charge ("private bytes"): 347M, peak: 347M

vm_info: OpenJDK 64-Bit Server VM (11.0.8+10) for windows-amd64 JRE (11.0.8+10), built on Jul 15 2020 11:45:54 by "" with MS VC++ 15.9 (VS2017)

END.
